Build started 15.6.2013 16:33:51.
Project "c:\documents and settings\spravce\dokumenty\visual studio 2010\Projects\myNewOpenCV\myNewOpenCV\myNewOpenCV.vcxproj" on node 2 (build target(s)).
InitializeBuildStatus:
  Touching "Debug\myNewOpenCV.unsuccessfulbuild".
ClCompile:
  c:\Program Files\Microsoft Visual Studio 10.0\VC\bin\CL.exe /c /I"C:\Program Files\opencv\build\include" /ZI /nologo /W3 /WX- /Od /Oy- /D WIN32 /D _DEBUG /D _CONSOLE /D _UNICODE /D UNICODE /Gm /EHsc /RTC1 /MDd /GS /fp:precise /Zc:wchar_t /Zc:forScope /Fo"Debug\\" /Fd"Debug\vc100.pdb" /Gd /TP /analyze- /errorReport:prompt main.cpp
  main.cpp
ManifestResourceCompile:
  All outputs are up-to-date.
Link:
  c:\Program Files\Microsoft Visual Studio 10.0\VC\bin\link.exe /ERRORREPORT:PROMPT /OUT:"c:\documents and settings\spravce\dokumenty\visual studio 2010\Projects\myNewOpenCV\Debug\myNewOpenCV.exe" /INCREMENTAL /NOLOGO /LIBPATH:"C:\Program Files\opencv\build\x86\vc10\lib" opencv_core245d.lib opencv_imgproc245d.lib opencv_highgui245d.lib opencv_ml245d.lib opencv_video245d.lib opencv_features2d245d.lib opencv_calib3d245d.lib opencv_objdetect245d.lib opencv_contrib245d.lib opencv_legacy245d.lib opencv_flann245d.lib kernel32.lib user32.lib gdi32.lib winspool.lib comdlg32.lib advapi32.lib shell32.lib ole32.lib oleaut32.lib uuid.lib odbc32.lib odbccp32.lib /MANIFEST /ManifestFile:"Debug\myNewOpenCV.exe.intermediate.manifest" /MANIFESTUAC:"level='asInvoker' uiAccess='false'" /DEBUG /PDB:"c:\documents and settings\spravce\dokumenty\visual studio 2010\Projects\myNewOpenCV\Debug\myNewOpenCV.pdb" /SUBSYSTEM:CONSOLE /TLBID:1 /DYNAMICBASE /NXCOMPAT /IMPLIB:"c:\documents and settings\spravce\dokumenty\visual studio 2010\Projects\myNewOpenCV\Debug\myNewOpenCV.lib" /MACHINE:X86 Debug\myNewOpenCV.exe.embed.manifest.res
  Debug\main.obj
LINK : fatal error LNK1168: cannot open c:\documents and settings\spravce\dokumenty\visual studio 2010\Projects\myNewOpenCV\Debug\myNewOpenCV.exe for writing
Done Building Project "c:\documents and settings\spravce\dokumenty\visual studio 2010\Projects\myNewOpenCV\myNewOpenCV\myNewOpenCV.vcxproj" (build target(s)) -- FAILED.

Build FAILED.

Time Elapsed 00:00:11.23
